<?xml version="1.0" encoding="UTF-8"?>
<testng-results ignored="0" total="2" passed="2" failed="0" skipped="0">
  <reporter-output>
    <line>
      <![CDATA[TestCase]]>
    </line>
    <line>
      <![CDATA[Testcase is pass]]>
    </line>
  </reporter-output>
  <suite started-at="2022-07-24T15:44:07 IST" name="Default suite" finished-at="2022-07-24T15:44:07 IST" duration-ms="75">
    <groups>
    </groups>
    <test started-at="2022-07-24T15:44:07 IST" name="Default test" finished-at="2022-07-24T15:44:07 IST" duration-ms="75">
      <class name="mavenClasses.MavenTest">
        <test-method signature="display()[pri:0, instance:mavenClasses.MavenTest@ffaa6af]" started-at="2022-07-24T15:44:07 IST" name="display" finished-at="2022-07-24T15:44:07 IST" duration-ms="14" status="PASS">
          <reporter-output>
            <line>
              <![CDATA[TestCase]]>
            </line>
          </reporter-output>
        </test-method> <!-- display -->
        <test-method signature="display1()[pri:0, instance:mavenClasses.MavenTest@ffaa6af]" started-at="2022-07-24T15:44:07 IST" name="display1" finished-at="2022-07-24T15:44:07 IST" duration-ms="2" status="PASS">
          <reporter-output>
            <line>
              <![CDATA[Testcase is pass]]>
            </line>
          </reporter-output>
        </test-method> <!-- display1 -->
      </class> <!-- mavenClasses.MavenTest -->
    </test> <!-- Default test -->
  </suite> <!-- Default suite -->
</testng-results>
