<?xml version="1.0" encoding="UTF-8"?>
<testng-results ignored="0" total="1" passed="1" failed="0" skipped="0">
  <reporter-output>
  </reporter-output>
  <suite started-at="2022-07-24T11:10:01 IST" name="Default suite" finished-at="2022-07-24T11:10:01 IST" duration-ms="73">
    <groups>
    </groups>
    <test started-at="2022-07-24T11:10:01 IST" name="Default test" finished-at="2022-07-24T11:10:01 IST" duration-ms="73">
      <class name="mavenClasses.mavenTest">
        <test-method signature="display()[pri:0, instance:mavenClasses.mavenTest@3a6bb9bf]" started-at="2022-07-24T11:10:01 IST" name="display" finished-at="2022-07-24T11:10:01 IST" duration-ms="12" status="PASS">
          <reporter-output>
          </reporter-output>
        </test-method> <!-- display -->
      </class> <!-- mavenClasses.mavenTest -->
    </test> <!-- Default test -->
  </suite> <!-- Default suite -->
</testng-results>
